gpasm-1.4.0 #1107 (Apr  3 2018)       DDS.ASM   7-30-2020  13:56:06         PAGE  1


LOC    OBJECT CODE    LINE  SOURCE TEXT
  VALUE

                      00001 ; TTL Logic Based Direct Digital Synthesis (DDS)
                      00002 ; Mike McCann KB2GHZ
                      00003 ; 2020 TAPR/DCC
                      00004 ;
                      00005                 PROCESSOR       16F628A
                      00006                 INCLUDE         <p16f628a.inc>
                      00001         LIST
                      00002 
                      00003 ;==========================================================================
                      00004 ; Build date : Aug 07 2014
                      00005 ;  MPASM PIC16F628A processor include
                      00006 ; 
                      00007 ;  (c) Copyright 1999-2014 Microchip Technology, All rights reserved
                      00008 ;==========================================================================
                      00009 
                      00386         LIST
2007   3FFF           00007                 __CONFIG        _WDT_OFF | _FOSC_HS | _MCLRE_ON
0000                  00008                 ORG             __VECTOR_RESET
0000   2805           00009                 GOTO            START   ; POWER ON RESET
0004                  00010                 ORG             __VECTOR_INT
0004   282B           00011                 GOTO            ISR     ; INTERRUPT HANDLER
                      00012 ;
0005   201C           00013 START:          CALL            HWINIT
0006   2009           00014 MESG:           CALL            STARTMES
0007   201A           00015                 CALL            PAUSE
0008   2806           00016                 GOTO            MESG
                      00017 
                      00018 ; DISPLAY A STARTUP MESSAGE ON THE CONSOLE
0009   3044           00019 STARTMES:       MOVLW           'D'
000A   2014           00020                 CALL            OUTCH
000B   3044           00021                 MOVLW           'D'
000C   2014           00022                 CALL            OUTCH
000D   3053           00023                 MOVLW           'S'
000E   2014           00024                 CALL            OUTCH
000F   300D           00025                 MOVLW           0X0D    ; ASCII LF
0010   2014           00026                 CALL            OUTCH
0011   300A           00027                 MOVLW           0X0A    ; ASCII CR
0012   2014           00028                 CALL            OUTCH
0013   0008           00029                 RETURN
                      00030 
                      00031 ; OUTPUT CHARACTER PASSED IN W ON THE SERIAL PORT
0014   1683           00032 OUTCH:          BSF             STATUS,RP0      ; ** BANK 1 **
0015   1C98           00033 POLL:           BTFSS           TXSTA,TRMT      ; POLL SHIFT REGISTER STATUS
0016   2815           00034                 GOTO            POLL
0017   1283           00035                 BCF             STATUS,RP0      ; ** BANK 0 **
0018   0099           00036                 MOVWF           TXREG           ; TX DATA REGISTER
0019   0008           00037                 RETURN
                      00038 
001A   0000           00039 PAUSE:          NOP
001B   0008           00040                 RETURN
                      00041 
gpasm-1.4.0 #1107 (Apr  3 2018)       DDS.ASM   7-30-2020  13:56:06         PAGE  2


LOC    OBJECT CODE    LINE  SOURCE TEXT
  VALUE

                      00042                 PAGE
                      00043 
001C                  00044 HWINIT:
                      00045 ; CONFIGURE THE SERIAL PORT FOR 9600 BPS, 1 STOP BIT, NO PARITY
001C   3090           00046                 MOVLW           B'10010000'
001D   0098           00047                 MOVWF           RCSTA   ; RECEIVE CONTROL REGISTER
001E   3024           00048                 MOVLW           B'00100100'
001F   1683           00049                 BSF             STATUS,RP0 ; ** BANK 1 **
0020   0098           00050                 MOVWF           TXSTA   ; TRANSMIT CONTROL REGISTER
0021   3040           00051                 MOVLW           0x40    ; BGRH=1
0022   0099           00052                 MOVWF           SPBRG   ; DIVIDER FOR BRG - 9600 BPS
                      00053 ; CONFIGURE PINS RB2 & RB1 AS SERIAL TX AND RX
0023   1486           00054                 BSF             TRISB,TRISB1
0024   1506           00055                 BSF             TRISB,TRISB2
                      00056 ; CONFIGURE PINS RA0, RA1, RA2, AND RA3 AS OUTPUTS
0025   1005           00057                 BCF             TRISA,TRISA0    ; RA0 TW RESET
0026   1085           00058                 BCF             TRISA,TRISA1    ; RA1 TW CLOCK
0027   1105           00059                 BCF             TRISA,TRISA2    ; RA2 TW DATA
0028   1185           00060                 BCF             TRISA,TRISA3    ; RA3 ACCUMULATOR RESET
0029   1283           00061                 BCF             STATUS,RP0      ; ** BANK 0 **
002A   0008           00062                 RETURN
                      00063 
                      00064 ; INTERRUPT ROUTINE
002B   0000           00065 ISR:            NOP
002C   0009           00066                 RETFIE
                      00067                 END
gpasm-1.4.0 #1107 (Apr  3 2018)       DDS.ASM   7-30-2020  13:56:06         PAGE  3


SYMBOL TABLE
  LABEL                             VALUE

ADDEN                             00000003
ADEN                              00000003
BRGH                              00000002
C                                 00000000
C1INV                             00000004
C1OUT                             00000006
C2INV                             00000005
C2OUT                             00000007
CCP1CON                           00000017
CCP1IE                            00000002
CCP1IF                            00000002
CCP1M0                            00000000
CCP1M1                            00000001
CCP1M2                            00000002
CCP1M3                            00000003
CCP1X                             00000005
CCP1Y                             00000004
CCPR1                             00000015
CCPR1H                            00000016
CCPR1L                            00000015
CIS                               00000003
CM0                               00000000
CM1                               00000001
CM2                               00000002
CMCON                             0000001F
CMIE                              00000006
CMIF                              00000006
CREN                              00000004
CSRC                              00000007
DATA_CP_OFF                       00003FFF
DATA_CP_ON                        00003EFF
DC                                00000001
EEADR                             0000009B
EECON1                            0000009C
EECON2                            0000009D
EEDATA                            0000009A
EEIE                              00000007
EEIF                              00000007
F                                 00000001
FERR                              00000002
FSR                               00000004
GIE                               00000007
HWINIT                            0000001C
INDF                              00000000
INTCON                            0000000B
INTE                              00000004
INTEDG                            00000006
INTF                              00000001
IRP                               00000007
ISR                               0000002B
MESG                              00000006
NOT_BO                            00000000
NOT_BOD                           00000000
gpasm-1.4.0 #1107 (Apr  3 2018)       DDS.ASM   7-30-2020  13:56:06         PAGE  4


SYMBOL TABLE
  LABEL                             VALUE 

NOT_BOR                           00000000
NOT_PD                            00000003
NOT_POR                           00000001
NOT_RBPU                          00000007
NOT_T1SYNC                        00000002
NOT_TO                            00000004
OERR                              00000001
OPTION_REG                        00000081
OSCF                              00000003
OUTCH                             00000014
PAUSE                             0000001A
PCL                               00000002
PCLATH                            0000000A
PCON                              0000008E
PEIE                              00000006
PIE1                              0000008C
PIR1                              0000000C
POLL                              00000015
PORTA                             00000005
PORTB                             00000006
PR2                               00000092
PS0                               00000000
PS1                               00000001
PS2                               00000002
PSA                               00000003
RA0                               00000000
RA1                               00000001
RA2                               00000002
RA3                               00000003
RA4                               00000004
RA5                               00000005
RA6                               00000006
RA7                               00000007
RB0                               00000000
RB1                               00000001
RB2                               00000002
RB3                               00000003
RB4                               00000004
RB5                               00000005
RB6                               00000006
RB7                               00000007
RBIE                              00000003
RBIF                              00000000
RCIE                              00000005
RCIF                              00000005
RCREG                             0000001A
RCSTA                             00000018
RD                                00000000
RP0                               00000005
RP1                               00000006
RX9                               00000006
RX9D                              00000000
SPBRG                             00000099
gpasm-1.4.0 #1107 (Apr  3 2018)       DDS.ASM   7-30-2020  13:56:06         PAGE  5


SYMBOL TABLE
  LABEL                             VALUE 

SPEN                              00000007
SREN                              00000005
START                             00000005
STARTMES                          00000009
STATUS                            00000003
SYNC                              00000004
T0CS                              00000005
T0IE                              00000005
T0IF                              00000002
T0SE                              00000004
T1CKPS0                           00000004
T1CKPS1                           00000005
T1CON                             00000010
T1OSCEN                           00000003
T2CKPS0                           00000000
T2CKPS1                           00000001
T2CON                             00000012
TMR0                              00000001
TMR0IE                            00000005
TMR0IF                            00000002
TMR1                              0000000E
TMR1CS                            00000001
TMR1H                             0000000F
TMR1IE                            00000000
TMR1IF                            00000000
TMR1L                             0000000E
TMR1ON                            00000000
TMR2                              00000011
TMR2IE                            00000001
TMR2IF                            00000001
TMR2ON                            00000002
TOUTPS0                           00000003
TOUTPS1                           00000004
TOUTPS2                           00000005
TOUTPS3                           00000006
TRISA                             00000085
TRISA0                            00000000
TRISA1                            00000001
TRISA2                            00000002
TRISA3                            00000003
TRISA4                            00000004
TRISA5                            00000005
TRISA6                            00000006
TRISA7                            00000007
TRISB                             00000086
TRISB0                            00000000
TRISB1                            00000001
TRISB2                            00000002
TRISB3                            00000003
TRISB4                            00000004
TRISB5                            00000005
TRISB6                            00000006
TRISB7                            00000007
gpasm-1.4.0 #1107 (Apr  3 2018)       DDS.ASM   7-30-2020  13:56:06         PAGE  6


SYMBOL TABLE
  LABEL                             VALUE 

TRMT                              00000001
TX9                               00000006
TX9D                              00000000
TXEN                              00000005
TXIE                              00000004
TXIF                              00000004
TXREG                             00000019
TXSTA                             00000098
VR0                               00000000
VR1                               00000001
VR2                               00000002
VR3                               00000003
VRCON                             0000009F
VREN                              00000007
VROE                              00000006
VRR                               00000005
W                                 00000000
WR                                00000001
WREN                              00000002
WRERR                             00000003
Z                                 00000002
_BODEN_OFF                        00003FBF
_BODEN_ON                         00003FFF
_BOREN_OFF                        00003FBF
_BOREN_ON                         00003FFF
_CONFIG                           00002007
_CPD_OFF                          00003FFF
_CPD_ON                           00003EFF
_CP_OFF                           00003FFF
_CP_ON                            00001FFF
_DEVID1                           00002006
_ER_OSC_CLKOUT                    00003FFF
_ER_OSC_NOCLKOUT                  00003FFE
_EXTCLK_OSC                       00003FEF
_FOSC_ECIO                        00003FEF
_FOSC_EXTRCCLK                    00003FFF
_FOSC_EXTRCIO                     00003FFE
_FOSC_HS                          00003FEE
_FOSC_INTOSCCLK                   00003FFD
_FOSC_INTOSCIO                    00003FFC
_FOSC_LP                          00003FEC
_FOSC_XT                          00003FED
_HS_OSC                           00003FEE
_IDLOC0                           00002000
_IDLOC1                           00002001
_IDLOC2                           00002002
_IDLOC3                           00002003
_INTOSC_OSC_CLKOUT                00003FFD
_INTOSC_OSC_NOCLKOUT              00003FFC
_INTRC_OSC_CLKOUT                 00003FFD
_INTRC_OSC_NOCLKOUT               00003FFC
_LP_OSC                           00003FEC
_LVP_OFF                          00003F7F
gpasm-1.4.0 #1107 (Apr  3 2018)       DDS.ASM   7-30-2020  13:56:06         PAGE  7


SYMBOL TABLE
  LABEL                             VALUE 

_LVP_ON                           00003FFF
_MCLRE_OFF                        00003FDF
_MCLRE_ON                         00003FFF
_PWRTE_OFF                        00003FFF
_PWRTE_ON                         00003FF7
_RC_OSC_CLKOUT                    00003FFF
_RC_OSC_NOCLKOUT                  00003FFE
_WDTE_OFF                         00003FFB
_WDTE_ON                          00003FFF
_WDT_OFF                          00003FFB
_WDT_ON                           00003FFF
_XT_OSC                           00003FED
__16F628A                         00000001
__CODE_END                        000007FF
__CODE_START                      00000000
__COMMON_RAM_END                  0000007F
__COMMON_RAM_START                00000070
__EEPROM_END                      0000217F
__EEPROM_START                    00002100
__VECTOR_INT                      00000004
__VECTOR_RESET                    00000000


MEMORY USAGE MAP ('X' = Used,  '-' = Unused)

0000 : X---XXXXXXXXXXXX XXXXXXXXXXXXXXXX XXXXXXXXXXXXX--- ----------------
2000 : -------X-------- ---------------- ---------------- ----------------

All other memory blocks unused.

Program Memory Words Used:    42
Program Memory Words Free:  2006


Errors   :     0
Warnings :     0 reported,     0 suppressed
Messages :     0 reported,     9 suppressed

